<?xml version="1.0" encoding="UTF-8"?>
<!-- Generated by org.testng.reporters.JUnitReportReporter -->
<testsuite hostname="Mushfeques-MBP" failures="0" tests="2" name="qaclickacademy.RestAPITestCase" time="0.003" errors="0" timestamp="2022-03-09T17:40:06 EST" skipped="0">
  <testcase classname="qaclickacademy.RestAPITestCase" name="deleteTwitter" time="0.001"/>
  <system-out/>
  <testcase classname="qaclickacademy.RestAPITestCase" name="postJira" time="0.002"/>
  <system-out/>
</testsuite> <!-- qaclickacademy.RestAPITestCase -->
