<?xml version="1.0" encoding="UTF-8"?>
<!-- Generated by org.testng.reporters.JUnitReportReporter -->
<testsuite hostname="Mushfeques-MBP" failures="0" tests="2" name="qaclickacademy.AppiumTests" time="0.000" errors="0" timestamp="2022-03-09T14:26:34 EST" skipped="0">
  <testcase classname="qaclickacademy.AppiumTests" name="iosApp" time="0.000"/>
  <system-out/>
  <testcase classname="qaclickacademy.AppiumTests" name="nativeApp" time="0.000"/>
  <system-out/>
</testsuite> <!-- qaclickacademy.AppiumTests -->
